f:\gec\milestone4\milestone4_v11\hapi_start\hapi_app\x64\debug\vc140.pdb
f:\gec\milestone4\milestone4_v11\hapi_start\hapi_app\x64\debug\vc140.idb
f:\gec\milestone4\milestone4_v11\hapi_start\hapi_app\x64\debug\bullet.obj
f:\gec\milestone4\milestone4_v11\hapi_start\hapi_app\x64\debug\drone.obj
f:\gec\milestone4\milestone4_v11\hapi_start\hapi_app\x64\debug\dronemaker.obj
f:\gec\milestone4\milestone4_v11\hapi_start\hapi_app\x64\debug\dronepath.obj
f:\gec\milestone4\milestone4_v11\hapi_start\hapi_app\x64\debug\enemywaves.obj
f:\gec\milestone4\milestone4_v11\hapi_start\hapi_app\x64\debug\entity.obj
f:\gec\milestone4\milestone4_v11\hapi_start\hapi_app\x64\debug\explosion.obj
f:\gec\milestone4\milestone4_v11\hapi_start\hapi_app\x64\debug\hudelement.obj
f:\gec\milestone4\milestone4_v11\hapi_start\hapi_app\x64\debug\kamikazedrone.obj
f:\gec\milestone4\milestone4_v11\hapi_start\hapi_app\x64\debug\map.obj
f:\gec\milestone4\milestone4_v11\hapi_start\hapi_app\x64\debug\missile.obj
f:\gec\milestone4\milestone4_v11\hapi_start\hapi_app\x64\debug\objectpool.obj
f:\gec\milestone4\milestone4_v11\hapi_start\hapi_app\x64\debug\player.obj
f:\gec\milestone4\milestone4_v11\hapi_start\hapi_app\x64\debug\rectangle.obj
f:\gec\milestone4\milestone4_v11\hapi_start\hapi_app\x64\debug\soundsystem.obj
f:\gec\milestone4\milestone4_v11\hapi_start\hapi_app\x64\debug\visualiser.obj
f:\gec\milestone4\milestone4_v11\hapi_start\hapi_app\x64\debug\sprite.obj
f:\gec\milestone4\milestone4_v11\hapi_start\hapi_app\x64\debug\starfield.obj
f:\gec\milestone4\milestone4_v11\hapi_start\hapi_app\x64\debug\texture.obj
f:\gec\milestone4\milestone4_v11\hapi_start\hapi_app\x64\debug\world.obj
f:\gec\milestone4\milestone4_v11\hapi_start\hapi_app\x64\debug\main.obj
f:\gec\milestone4\milestone4_v11\hapi_start\hapi_app\x64\debug\ai.obj
f:\gec\milestone4\milestone4_v11\hapi_start\hapi_app\x64\debug\boss.obj
f:\gec\milestone4\milestone4_v11\hapi_start\x64\debug\hapi_app.lib
f:\gec\milestone4\milestone4_v11\hapi_start\x64\debug\hapi_app.exp
f:\gec\milestone4\milestone4_v11\hapi_start\x64\debug\hapi_app.ilk
f:\gec\milestone4\milestone4_v11\hapi_start\x64\debug\hapi_app.exe
f:\gec\milestone4\milestone4_v11\hapi_start\x64\debug\hapi_app.pdb
f:\gec\milestone4\milestone4_v11\hapi_start\hapi_app\x64\debug\hapi_app.tlog\cl.read.1.tlog
f:\gec\milestone4\milestone4_v11\hapi_start\hapi_app\x64\debug\hapi_app.tlog\cl.write.1.tlog
f:\gec\milestone4\milestone4_v11\hapi_start\hapi_app\x64\debug\hapi_app.tlog\cl.command.1.tlog
f:\gec\milestone4\milestone4_v11\hapi_start\hapi_app\x64\debug\hapi_app.tlog\link.command.1.tlog
f:\gec\milestone4\milestone4_v11\hapi_start\hapi_app\x64\debug\hapi_app.tlog\hapi_app.write.1u.tlog
f:\gec\milestone4\milestone4_v11\hapi_start\hapi_app\x64\debug\hapi_app.tlog\link.read.1.tlog
f:\gec\milestone4\milestone4_v11\hapi_start\hapi_app\x64\debug\hapi_app.tlog\link.write.1.tlog
