  World.cpp
  Texture.cpp
  StarField.cpp
  Sprite.cpp
  Visualiser.cpp
  SoundSystem.cpp
  Rectangle.cpp
  Player.cpp
  ObjectPool.cpp
  Missile.cpp
  Map.cpp
  KamikazeDrone.cpp
  HUDElement.cpp
  Explosion.cpp
  Entity.cpp
  EnemyWaves.cpp
  DronePath.cpp
  DroneMaker.cpp
  Drone.cpp
  Bullet.cpp
  Generating Code...
  Compiling...
  Boss.cpp
  AI.cpp
  main.cpp
  Generating Code...
     Creating library C:\Users\GabeMeister\Desktop\HAPI_Start\Debug\HAPI_APP.lib and object C:\Users\GabeMeister\Desktop\HAPI_Start\Debug\HAPI_APP.exp
  HAPI_APP.vcxproj -> C:\Users\GabeMeister\Desktop\HAPI_Start\Debug\HAPI_APP.exe
  HAPI_APP.vcxproj -> C:\Users\GabeMeister\Desktop\HAPI_Start\Debug\HAPI_APP.pdb (Partial PDB)
