e:\users\gabemeister\my documents\university\year 2\games engine construction\element 2\ica\lewisgabriel_q5094111\project\hapi_start\hapi_app\x64\release\vc140.pdb
e:\users\gabemeister\my documents\university\year 2\games engine construction\element 2\ica\lewisgabriel_q5094111\project\hapi_start\hapi_app\x64\release\sprite.obj
e:\users\gabemeister\my documents\university\year 2\games engine construction\element 2\ica\lewisgabriel_q5094111\project\hapi_start\hapi_app\x64\release\visualiser.obj
e:\users\gabemeister\my documents\university\year 2\games engine construction\element 2\ica\lewisgabriel_q5094111\project\hapi_start\hapi_app\x64\release\soundsystem.obj
e:\users\gabemeister\my documents\university\year 2\games engine construction\element 2\ica\lewisgabriel_q5094111\project\hapi_start\hapi_app\x64\release\rectangle.obj
e:\users\gabemeister\my documents\university\year 2\games engine construction\element 2\ica\lewisgabriel_q5094111\project\hapi_start\hapi_app\x64\release\player.obj
e:\users\gabemeister\my documents\university\year 2\games engine construction\element 2\ica\lewisgabriel_q5094111\project\hapi_start\hapi_app\x64\release\objectpool.obj
e:\users\gabemeister\my documents\university\year 2\games engine construction\element 2\ica\lewisgabriel_q5094111\project\hapi_start\hapi_app\x64\release\missile.obj
e:\users\gabemeister\my documents\university\year 2\games engine construction\element 2\ica\lewisgabriel_q5094111\project\hapi_start\hapi_app\x64\release\map.obj
e:\users\gabemeister\my documents\university\year 2\games engine construction\element 2\ica\lewisgabriel_q5094111\project\hapi_start\hapi_app\x64\release\kamikazedrone.obj
e:\users\gabemeister\my documents\university\year 2\games engine construction\element 2\ica\lewisgabriel_q5094111\project\hapi_start\hapi_app\x64\release\hudelement.obj
e:\users\gabemeister\my documents\university\year 2\games engine construction\element 2\ica\lewisgabriel_q5094111\project\hapi_start\hapi_app\x64\release\explosion.obj
e:\users\gabemeister\my documents\university\year 2\games engine construction\element 2\ica\lewisgabriel_q5094111\project\hapi_start\hapi_app\x64\release\entity.obj
e:\users\gabemeister\my documents\university\year 2\games engine construction\element 2\ica\lewisgabriel_q5094111\project\hapi_start\hapi_app\x64\release\enemywaves.obj
e:\users\gabemeister\my documents\university\year 2\games engine construction\element 2\ica\lewisgabriel_q5094111\project\hapi_start\hapi_app\x64\release\dronepath.obj
e:\users\gabemeister\my documents\university\year 2\games engine construction\element 2\ica\lewisgabriel_q5094111\project\hapi_start\hapi_app\x64\release\dronemaker.obj
e:\users\gabemeister\my documents\university\year 2\games engine construction\element 2\ica\lewisgabriel_q5094111\project\hapi_start\hapi_app\x64\release\drone.obj
e:\users\gabemeister\my documents\university\year 2\games engine construction\element 2\ica\lewisgabriel_q5094111\project\hapi_start\hapi_app\x64\release\bullet.obj
e:\users\gabemeister\my documents\university\year 2\games engine construction\element 2\ica\lewisgabriel_q5094111\project\hapi_start\hapi_app\x64\release\boss.obj
e:\users\gabemeister\my documents\university\year 2\games engine construction\element 2\ica\lewisgabriel_q5094111\project\hapi_start\hapi_app\x64\release\ai.obj
e:\users\gabemeister\my documents\university\year 2\games engine construction\element 2\ica\lewisgabriel_q5094111\project\hapi_start\hapi_app\x64\release\main.obj
e:\users\gabemeister\my documents\university\year 2\games engine construction\element 2\ica\lewisgabriel_q5094111\project\hapi_start\hapi_app\x64\release\world.obj
e:\users\gabemeister\my documents\university\year 2\games engine construction\element 2\ica\lewisgabriel_q5094111\project\hapi_start\hapi_app\x64\release\texture.obj
e:\users\gabemeister\my documents\university\year 2\games engine construction\element 2\ica\lewisgabriel_q5094111\project\hapi_start\hapi_app\x64\release\starfield.obj
e:\users\gabemeister\my documents\university\year 2\games engine construction\element 2\ica\lewisgabriel_q5094111\project\hapi_start\x64\release\hapi_app.lib
e:\users\gabemeister\my documents\university\year 2\games engine construction\element 2\ica\lewisgabriel_q5094111\project\hapi_start\x64\release\hapi_app.exp
e:\users\gabemeister\my documents\university\year 2\games engine construction\element 2\ica\lewisgabriel_q5094111\project\hapi_start\x64\release\hapi_app.exe
e:\users\gabemeister\my documents\university\year 2\games engine construction\element 2\ica\lewisgabriel_q5094111\project\hapi_start\x64\release\hapi_app.ipdb
e:\users\gabemeister\my documents\university\year 2\games engine construction\element 2\ica\lewisgabriel_q5094111\project\hapi_start\x64\release\hapi_app.iobj
e:\users\gabemeister\my documents\university\year 2\games engine construction\element 2\ica\lewisgabriel_q5094111\project\hapi_start\x64\release\hapi_app.pdb
e:\users\gabemeister\my documents\university\year 2\games engine construction\element 2\ica\lewisgabriel_q5094111\project\hapi_start\hapi_app\x64\release\hapi_app.tlog\cl.command.1.tlog
e:\users\gabemeister\my documents\university\year 2\games engine construction\element 2\ica\lewisgabriel_q5094111\project\hapi_start\hapi_app\x64\release\hapi_app.tlog\cl.read.1.tlog
e:\users\gabemeister\my documents\university\year 2\games engine construction\element 2\ica\lewisgabriel_q5094111\project\hapi_start\hapi_app\x64\release\hapi_app.tlog\cl.write.1.tlog
e:\users\gabemeister\my documents\university\year 2\games engine construction\element 2\ica\lewisgabriel_q5094111\project\hapi_start\hapi_app\x64\release\hapi_app.tlog\hapi_app.write.1u.tlog
e:\users\gabemeister\my documents\university\year 2\games engine construction\element 2\ica\lewisgabriel_q5094111\project\hapi_start\hapi_app\x64\release\hapi_app.tlog\link.command.1.tlog
e:\users\gabemeister\my documents\university\year 2\games engine construction\element 2\ica\lewisgabriel_q5094111\project\hapi_start\hapi_app\x64\release\hapi_app.tlog\link.read.1.tlog
e:\users\gabemeister\my documents\university\year 2\games engine construction\element 2\ica\lewisgabriel_q5094111\project\hapi_start\hapi_app\x64\release\hapi_app.tlog\link.write.1.tlog
